<?xml version="1.0" encoding="UTF-8"?>
<testng-results skipped="0" failed="0" total="1" passed="1">
  <reporter-output>
  </reporter-output>
  <suite name="Default suite" duration-ms="87110" started-at="2018-05-27T19:23:14Z" finished-at="2018-05-27T19:24:41Z">
    <groups>
    </groups>
    <test name="Default test" duration-ms="87110" started-at="2018-05-27T19:23:14Z" finished-at="2018-05-27T19:24:41Z">
      <class name="com.firstMavenProject.firstMavenProject.test.regression.TestNavigateToShoppingWebsite">
        <test-method status="PASS" signature="setUp()[pri:0, instance:com.firstMavenProject.firstMavenProject.test.regression.TestNavigateToShoppingWebsite@7f9a81e8]" name="setUp" is-config="true" duration-ms="28801" started-at="2018-05-27T15:23:14Z" finished-at="2018-05-27T15:23:43Z">
          <reporter-output>
          </reporter-output>
        </test-method> <!-- setUp -->
        <test-method status="PASS" signature="testBuyMagicMouse()[pri:0, instance:com.firstMavenProject.firstMavenProject.test.regression.TestNavigateToShoppingWebsite@7f9a81e8]" name="testBuyMagicMouse" duration-ms="58160" started-at="2018-05-27T15:23:43Z" finished-at="2018-05-27T15:24:41Z">
          <reporter-output>
          </reporter-output>
        </test-method> <!-- testBuyMagicMouse -->
        <test-method status="PASS" signature="tearDown()[pri:0, instance:com.firstMavenProject.firstMavenProject.test.regression.TestNavigateToShoppingWebsite@7f9a81e8]" name="tearDown" is-config="true" duration-ms="101" started-at="2018-05-27T15:24:41Z" finished-at="2018-05-27T15:24:41Z">
          <reporter-output>
          </reporter-output>
        </test-method> <!-- tearDown -->
      </class> <!-- com.firstMavenProject.firstMavenProject.test.regression.TestNavigateToShoppingWebsite -->
    </test> <!-- Default test -->
  </suite> <!-- Default suite -->
</testng-results>
